<?xml version="1.0" encoding="UTF-8"?>
<!-- Generated by org.testng.reporters.JUnitXMLReporter -->
<testsuite hostname="DESKTOP-MV8GVAF" ignored="0" name="Default test" tests="2" failures="0" timestamp="17 лист. 2019 22:35:37 GMT" time="133.745" errors="0">
  <testcase name="verifyTrainingsSearchWorksProperlyForLocations" time="78.491" classname="tests.TrainingListTests"/>
  <testcase name="verifyTrainingsSearchWorksProperlyForSkills" time="54.606" classname="tests.TrainingListTests"/>
</testsuite> <!-- Default test -->
