<?xml version="1.0" encoding="UTF-8"?>
<!-- Generated by org.testng.reporters.JUnitXMLReporter -->
<testsuite hostname="DESKTOP-MV8GVAF" ignored="3" name="Default test" tests="5" failures="0" timestamp="19 лист. 2019 22:54:05 GMT" time="188.844" errors="0">
  <testcase name="invalidLoginTest" time="13.876" classname="tests.LoginTests"/>
  <testcase name="validLoginTest" time="3.332" classname="tests.LoginTests"/>
  <testcase name="verifyNewsPageAndMaterialsSection" time="7.821" classname="tests.NewsTest"/>
  <testcase name="verifyTrainingsSearchWorksProperlyForLocations" time="25.704" classname="tests.TrainingListTests"/>
  <testcase name="verifyTrainingsSearchWorksProperlyForSkills" time="47.407" classname="tests.TrainingListTests"/>
  <testcase name="@AfterSuite quit" time="0.0" classname="tests.BaseTest">
    <ignored/>
  </testcase> <!-- @AfterSuite quit -->
  <testcase name="@AfterSuite quit" time="0.0" classname="tests.BaseTest">
    <ignored/>
  </testcase> <!-- @AfterSuite quit -->
  <testcase name="@AfterSuite quit" time="0.0" classname="tests.BaseTest">
    <ignored/>
  </testcase> <!-- @AfterSuite quit -->
</testsuite> <!-- Default test -->
