<?xml version="1.0" encoding="UTF-8"?>
<testng-results skipped="0" failed="0" ignored="3" total="8" passed="5">
  <reporter-output>
  </reporter-output>
  <suite name="Default suite" duration-ms="188844" started-at="2019-11-19T22:50:55Z" finished-at="2019-11-19T22:54:04Z">
    <groups>
    </groups>
    <test name="Default test" duration-ms="188844" started-at="2019-11-19T22:50:55Z" finished-at="2019-11-19T22:54:04Z">
      <class name="tests.LoginTests">
        <test-method status="PASS" signature="login()[pri:0, instance:tests.LoginTests@74ad1f1f]" name="login" is-config="true" duration-ms="39821" started-at="2019-11-19T22:50:55Z" finished-at="2019-11-19T22:51:35Z">
          <reporter-output>
          </reporter-output>
        </test-method> <!-- login -->
        <test-method status="PASS" signature="invalidLoginTest()[pri:0, instance:tests.LoginTests@74ad1f1f]" name="invalidLoginTest" duration-ms="13876" started-at="2019-11-19T22:51:35Z" finished-at="2019-11-19T22:51:49Z">
          <reporter-output>
          </reporter-output>
        </test-method> <!-- invalidLoginTest -->
        <test-method status="PASS" signature="logOut()[pri:0, instance:tests.LoginTests@74ad1f1f]" name="logOut" is-config="true" duration-ms="20272" started-at="2019-11-19T22:51:49Z" finished-at="2019-11-19T22:52:09Z">
          <reporter-output>
          </reporter-output>
        </test-method> <!-- logOut -->
        <test-method status="PASS" signature="login()[pri:0, instance:tests.LoginTests@74ad1f1f]" name="login" is-config="true" duration-ms="2006" started-at="2019-11-19T22:52:09Z" finished-at="2019-11-19T22:52:11Z">
          <reporter-output>
          </reporter-output>
        </test-method> <!-- login -->
        <test-method status="PASS" signature="validLoginTest()[pri:0, instance:tests.LoginTests@74ad1f1f]" name="validLoginTest" duration-ms="3332" started-at="2019-11-19T22:52:11Z" finished-at="2019-11-19T22:52:14Z">
          <reporter-output>
          </reporter-output>
        </test-method> <!-- validLoginTest -->
        <test-method status="PASS" signature="logOut()[pri:0, instance:tests.LoginTests@74ad1f1f]" name="logOut" is-config="true" duration-ms="3419" started-at="2019-11-19T22:52:14Z" finished-at="2019-11-19T22:52:18Z">
          <reporter-output>
          </reporter-output>
        </test-method> <!-- logOut -->
        <test-method status="PASS" signature="quit()[pri:0, instance:tests.LoginTests@74ad1f1f]" name="quit" is-config="true" duration-ms="869" started-at="2019-11-19T22:54:05Z" finished-at="2019-11-19T22:54:06Z">
          <reporter-output>
          </reporter-output>
        </test-method> <!-- quit -->
      </class> <!-- tests.LoginTests -->
      <class name="tests.NewsTest">
        <test-method status="PASS" signature="login()[pri:0, instance:tests.NewsTest@6a1aab78]" name="login" is-config="true" duration-ms="3903" started-at="2019-11-19T22:52:18Z" finished-at="2019-11-19T22:52:22Z">
          <reporter-output>
          </reporter-output>
        </test-method> <!-- login -->
        <test-method status="PASS" signature="verifyNewsPageAndMaterialsSection()[pri:0, instance:tests.NewsTest@6a1aab78]" name="verifyNewsPageAndMaterialsSection" duration-ms="7821" started-at="2019-11-19T22:52:22Z" description="Verify ‘News’ Page and Materials section" finished-at="2019-11-19T22:52:29Z">
          <reporter-output>
          </reporter-output>
        </test-method> <!-- verifyNewsPageAndMaterialsSection -->
        <test-method status="PASS" signature="logOut()[pri:0, instance:tests.NewsTest@6a1aab78]" name="logOut" is-config="true" duration-ms="7351" started-at="2019-11-19T22:52:29Z" finished-at="2019-11-19T22:52:37Z">
          <reporter-output>
          </reporter-output>
        </test-method> <!-- logOut -->
      </class> <!-- tests.NewsTest -->
      <class name="tests.TrainingListTests">
        <test-method status="PASS" signature="login()[pri:0, instance:tests.TrainingListTests@462d5aee]" name="login" is-config="true" duration-ms="4264" started-at="2019-11-19T22:52:37Z" finished-at="2019-11-19T22:52:41Z">
          <reporter-output>
          </reporter-output>
        </test-method> <!-- login -->
        <test-method status="PASS" signature="verifyTrainingsSearchWorksProperlyForLocations()[pri:0, instance:tests.TrainingListTests@462d5aee]" name="verifyTrainingsSearchWorksProperlyForLocations" duration-ms="25704" started-at="2019-11-19T22:52:41Z" description="Verify &#039;Trainings&#039; search works properly with searching in &#039;Locations&#039;" finished-at="2019-11-19T22:53:07Z">
          <reporter-output>
          </reporter-output>
        </test-method> <!-- verifyTrainingsSearchWorksProperlyForLocations -->
        <test-method status="PASS" signature="logOut()[pri:0, instance:tests.TrainingListTests@462d5aee]" name="logOut" is-config="true" duration-ms="3322" started-at="2019-11-19T22:53:07Z" finished-at="2019-11-19T22:53:10Z">
          <reporter-output>
          </reporter-output>
        </test-method> <!-- logOut -->
        <test-method status="PASS" signature="login()[pri:0, instance:tests.TrainingListTests@462d5aee]" name="login" is-config="true" duration-ms="3021" started-at="2019-11-19T22:53:10Z" finished-at="2019-11-19T22:53:13Z">
          <reporter-output>
          </reporter-output>
        </test-method> <!-- login -->
        <test-method status="PASS" signature="verifyTrainingsSearchWorksProperlyForSkills()[pri:0, instance:tests.TrainingListTests@462d5aee]" name="verifyTrainingsSearchWorksProperlyForSkills" duration-ms="47407" started-at="2019-11-19T22:53:13Z" description="Verify &#039;Trainings&#039; search works properly with searching in &#039;Skills&#039;" finished-at="2019-11-19T22:54:00Z">
          <exception class="org.openqa.selenium.NoSuchElementException">
            <message>
              <![CDATA[no such element: Unable to locate element: {"method":"xpath","selector":"//label[contains(.,'pascal')]//span"}
  (Session info: chrome=78.0.3904.97)
For documentation on this error, please visit: http://seleniumhq.org/exceptions/no_such_element.html
Build info: version: '3.14.0', revision: 'aacccce0', time: '2018-08-02T20:19:58.91Z'
System info: host: 'DESKTOP-MV8GVAF', ip: '192.168.0.102', os.name: 'Windows 10', os.arch: 'amd64', os.version: '10.0', java.version: '1.8.0_221'
Driver info: org.openqa.selenium.chrome.ChromeDriver
Capabilities {acceptInsecureCerts: false, browserName: chrome, browserVersion: 78.0.3904.97, chrome: {chromedriverVersion: 78.0.3904.70 (edb9c9f3de024..., userDataDir: C:\Users\Anna\AppData\Local...}, goog:chromeOptions: {debuggerAddress: localhost:56558}, javascriptEnabled: true, networkConnectionEnabled: false, pageLoadStrategy: normal, platform: XP, platformName: XP, proxy: Proxy(), setWindowRect: true, strictFileInteractability: false, timeouts: {implicit: 0, pageLoad: 300000, script: 30000}, unhandledPromptBehavior: dismiss and notify}
Session ID: 2e97bfbe4feb3c686fd0cb7f599403de
*** Element info: {Using=xpath, value=//label[contains(.,'pascal')]//span}]]>
            </message>
            <full-stacktrace>
              <![CDATA[org.openqa.selenium.NoSuchElementException: no such element: Unable to locate element: {"method":"xpath","selector":"//label[contains(.,'pascal')]//span"}
  (Session info: chrome=78.0.3904.97)
For documentation on this error, please visit: http://seleniumhq.org/exceptions/no_such_element.html
Build info: version: '3.14.0', revision: 'aacccce0', time: '2018-08-02T20:19:58.91Z'
System info: host: 'DESKTOP-MV8GVAF', ip: '192.168.0.102', os.name: 'Windows 10', os.arch: 'amd64', os.version: '10.0', java.version: '1.8.0_221'
Driver info: org.openqa.selenium.chrome.ChromeDriver
Capabilities {acceptInsecureCerts: false, browserName: chrome, browserVersion: 78.0.3904.97, chrome: {chromedriverVersion: 78.0.3904.70 (edb9c9f3de024..., userDataDir: C:\Users\Anna\AppData\Local...}, goog:chromeOptions: {debuggerAddress: localhost:56558}, javascriptEnabled: true, networkConnectionEnabled: false, pageLoadStrategy: normal, platform: XP, platformName: XP, proxy: Proxy(), setWindowRect: true, strictFileInteractability: false, timeouts: {implicit: 0, pageLoad: 300000, script: 30000}, unhandledPromptBehavior: dismiss and notify}
Session ID: 2e97bfbe4feb3c686fd0cb7f599403de
*** Element info: {Using=xpath, value=//label[contains(.,'pascal')]//span}
at sun.reflect.NativeConstructorAccessorImpl.newInstance0(Native Method)
at sun.reflect.NativeConstructorAccessorImpl.newInstance(Unknown Source)
at sun.reflect.DelegatingConstructorAccessorImpl.newInstance(Unknown Source)
at java.lang.reflect.Constructor.newInstance(Unknown Source)
at org.openqa.selenium.remote.http.W3CHttpResponseCodec.createException(W3CHttpResponseCodec.java:187)
at org.openqa.selenium.remote.http.W3CHttpResponseCodec.decode(W3CHttpResponseCodec.java:122)
at org.openqa.selenium.remote.http.W3CHttpResponseCodec.decode(W3CHttpResponseCodec.java:49)
at org.openqa.selenium.remote.HttpCommandExecutor.execute(HttpCommandExecutor.java:158)
at org.openqa.selenium.remote.service.DriverCommandExecutor.execute(DriverCommandExecutor.java:83)
at org.openqa.selenium.remote.RemoteWebDriver.execute(RemoteWebDriver.java:548)
at org.openqa.selenium.remote.RemoteWebDriver.findElement(RemoteWebDriver.java:322)
at org.openqa.selenium.remote.RemoteWebDriver.findElementByXPath(RemoteWebDriver.java:424)
at org.openqa.selenium.By$ByXPath.findElement(By.java:353)
at org.openqa.selenium.remote.RemoteWebDriver.findElement(RemoteWebDriver.java:314)
at org.openqa.selenium.support.pagefactory.DefaultElementLocator.findElement(DefaultElementLocator.java:69)
at org.openqa.selenium.support.pagefactory.internal.LocatingElementHandler.invoke(LocatingElementHandler.java:38)
at com.sun.proxy.$Proxy10.isDisplayed(Unknown Source)
at tests.TrainingListTests.verifyTrainingsSearchWorksProperlyForSkills(TrainingListTests.java:52)
at sun.reflect.NativeMethodAccessorImpl.invoke0(Native Method)
at sun.reflect.NativeMethodAccessorImpl.invoke(Unknown Source)
at sun.reflect.DelegatingMethodAccessorImpl.invoke(Unknown Source)
at java.lang.reflect.Method.invoke(Unknown Source)
at org.testng.internal.MethodInvocationHelper.invokeMethod(MethodInvocationHelper.java:124)
at org.testng.internal.Invoker.invokeMethod(Invoker.java:583)
at org.testng.internal.Invoker.invokeTestMethod(Invoker.java:719)
at org.testng.internal.Invoker.invokeTestMethods(Invoker.java:989)
at org.testng.internal.TestMethodWorker.invokeTestMethods(TestMethodWorker.java:125)
at org.testng.internal.TestMethodWorker.run(TestMethodWorker.java:109)
at org.testng.TestRunner.privateRun(TestRunner.java:648)
at org.testng.TestRunner.run(TestRunner.java:505)
at org.testng.SuiteRunner.runTest(SuiteRunner.java:455)
at org.testng.SuiteRunner.runSequentially(SuiteRunner.java:450)
at org.testng.SuiteRunner.privateRun(SuiteRunner.java:415)
at org.testng.SuiteRunner.run(SuiteRunner.java:364)
at org.testng.SuiteRunnerWorker.runSuite(SuiteRunnerWorker.java:52)
at org.testng.SuiteRunnerWorker.run(SuiteRunnerWorker.java:84)
at org.testng.TestNG.runSuitesSequentially(TestNG.java:1208)
at org.testng.TestNG.runSuitesLocally(TestNG.java:1137)
at org.testng.TestNG.runSuites(TestNG.java:1049)
at org.testng.TestNG.run(TestNG.java:1017)
at org.testng.remote.AbstractRemoteTestNG.run(AbstractRemoteTestNG.java:115)
at org.testng.remote.RemoteTestNG.initAndRun(RemoteTestNG.java:251)
at org.testng.remote.RemoteTestNG.main(RemoteTestNG.java:77)
]]>
            </full-stacktrace>
          </exception> <!-- org.openqa.selenium.NoSuchElementException -->
          <reporter-output>
          </reporter-output>
        </test-method> <!-- verifyTrainingsSearchWorksProperlyForSkills -->
        <test-method status="PASS" signature="logOut()[pri:0, instance:tests.TrainingListTests@462d5aee]" name="logOut" is-config="true" duration-ms="3142" started-at="2019-11-19T22:54:01Z" finished-at="2019-11-19T22:54:04Z">
          <reporter-output>
          </reporter-output>
        </test-method> <!-- logOut -->
      </class> <!-- tests.TrainingListTests -->
    </test> <!-- Default test -->
  </suite> <!-- Default suite -->
</testng-results>
